[2014-11-18 22:05:32] START
[2014-11-18 22:06:43] EDIT recipe/controllers/default.py: 0
[2014-11-18 22:23:55] EDIT recipe/controllers/default.py: 0
[2014-11-18 22:24:15] EDIT recipe/views/default/index.html: 1
[2014-11-18 22:28:32] EDIT recipe/views/default/index.html: 1
[2014-11-18 22:30:59] EDIT recipe/controllers/default.py: 4
[2014-11-18 22:31:19] EDIT recipe/views/default/index.html: 1
[2014-11-18 22:33:11] CREATE first.html: 0
[2014-11-18 22:33:17] EDIT recipe/views/first.html: 0
[2014-11-18 22:33:44] EDIT recipe/controllers/default.py: 4
[2014-11-18 22:33:54] EDIT recipe/controllers/default.py: 0
[2014-11-18 22:38:40] CREATE default/first.html: 0
[2014-11-18 22:38:43] EDIT recipe/views/default/first.html: 0
[2014-11-18 22:45:55] EDIT recipe/views/default/first.html: 5
[2014-11-18 22:46:02] CREATE default/second.html: 0
[2014-11-18 22:46:14] EDIT recipe/views/default/second.html: -1
[2014-11-18 22:46:42] EDIT recipe/views/default/first.html: 0
[2014-11-18 22:48:05] EDIT recipe/controllers/default.py: 3
[2014-11-18 22:48:14] EDIT recipe/views/default/first.html: 0
[2014-11-18 22:48:43] EDIT recipe/views/default/second.html: 0
[2014-11-18 22:52:21] EDIT recipe/controllers/default.py: 2
[2014-11-18 22:52:29] EDIT recipe/controllers/default.py: 0
[2014-11-18 22:59:17] EDIT recipe/controllers/default.py: 2
[2014-11-18 22:59:47] EDIT recipe/controllers/default.py: 0
[2014-11-18 23:00:40] EDIT recipe/controllers/default.py: 0
[2014-11-18 23:00:52] EDIT recipe/views/default/first.html: -3
[2014-11-18 23:01:34] EDIT recipe/views/default/first.html: -1
[2014-11-18 23:02:01] EDIT recipe/views/default/first.html: -1
[2014-11-18 23:05:46] EDIT recipe/models/db.py: 15
[2014-11-18 23:10:06] EDIT recipe/models/db.py: 0
[2014-11-18 23:16:21] EDIT recipe/controllers/default.py: 1
[2014-11-18 23:16:52] EDIT recipe/views/default/first.html: 5
[2014-11-18 23:18:37] EDIT recipe/controllers/default.py: 10
[2014-11-18 23:19:31] EDIT recipe/controllers/default.py: 0
[2014-11-18 23:19:51] EDIT recipe/controllers/default.py: 0
[2014-11-18 23:21:38] CREATE default/show.html: 0
[2014-11-18 23:22:02] EDIT recipe/views/default/show.html: 8
[2014-11-18 23:22:32] EDIT recipe/views/default/show.html: 3
[2014-11-18 23:56:50] EDIT recipe/views/default/show.html: 4
[2014-11-18 23:57:16] EDIT recipe/views/default/show.html: 0
[2014-11-18 23:58:52] EDIT recipe/views/default/show.html: 0
[2014-11-18 23:59:05] EDIT recipe/views/default/show.html: 0
[2014-11-19 00:00:15] EDIT recipe/views/default/show.html: -3
[2014-11-19 00:01:01] EDIT recipe/models/db.py: 1
[2014-11-19 00:01:09] EDIT recipe/models/db.py: -1
[2014-11-19 00:01:57] EDIT recipe/models/db.py: 0
[2014-11-19 00:02:36] EDIT recipe/controllers/default.py: -2
[2014-11-19 02:56:55] EDIT recipe/controllers/default.py: 1
[2014-11-19 02:58:18] EDIT recipe/controllers/default.py: 4
[2014-11-19 02:58:31] CREATE default/manage.html: 0
[2014-11-19 02:58:44] EDIT recipe/views/default/manage.html: 0
[2014-11-19 03:11:58] EDIT recipe/controllers/default.py: 0
[2014-11-20 00:59:28] EDIT recipe/models/db.py: 12
[2014-11-20 01:00:21] EDIT recipe/models/db.py: 0
[2014-11-20 01:02:15] EDIT recipe/models/db.py: 0
[2014-11-20 01:03:09] EDIT recipe/models/db.py: 1
[2014-11-20 01:04:05] EDIT recipe/models/db.py: 2
[2014-11-20 01:04:30] EDIT recipe/models/db.py: -1
[2014-11-20 01:04:48] EDIT recipe/models/db.py: 1
[2014-11-20 01:06:37] EDIT recipe/models/db.py: 7
[2014-11-20 01:07:13] EDIT recipe/models/db.py: 3
[2014-11-20 01:08:33] EDIT recipe/models/db.py: 9
[2014-11-20 01:10:12] EDIT recipe/models/db.py: -8
[2014-11-20 01:11:03] EDIT recipe/models/db.py: -9
[2014-11-20 01:11:24] EDIT recipe/models/db.py: -6
[2014-11-20 01:13:09] CREATE recipe.py: 0
[2014-11-20 01:13:22] EDIT recipe/controllers/recipe.py: 15
[2014-11-20 01:14:08] EDIT recipe/controllers/default.py: -78
[2014-11-20 01:15:44] EDIT recipe/controllers/recipe.py: 0
[2014-11-20 01:16:02] EDIT recipe/controllers/recipe.py: 0
[2014-11-20 01:40:32] EDIT init/controllers/default.py: 14
[2014-11-20 01:42:36] EDIT init/views/layout.html: -1
[2014-11-20 01:42:47] EDIT init/views/layout.html: 1
[2014-11-20 01:43:41] EDIT init/controllers/appadmin.py: 0
[2014-11-20 01:46:11] EDIT init/controllers/appadmin.py: 0
[2014-11-20 01:55:36] EDIT init/views/layout.html: -1
[2014-11-20 01:55:42] EDIT init/views/layout.html: 1
[2014-11-20 01:55:57] EDIT init/views/layout.html: 0
[2014-11-20 01:57:37] EDIT init/controllers/appadmin.py: -6
[2014-11-20 01:57:42] EDIT init/controllers/appadmin.py: 6
[2014-11-20 01:57:54] EDIT init/controllers/appadmin.py: 1
[2014-11-20 02:03:42] EDIT init/controllers/default.py: 3
[2014-11-20 02:03:54] EDIT init/controllers/default.py: 0
[2014-11-20 02:05:03] EDIT init/controllers/default.py: 1
[2014-11-20 02:05:21] EDIT init/controllers/default.py: 0
[2014-11-20 02:06:56] EDIT init/controllers/default.py: 39
[2014-11-20 02:07:32] EDIT init/controllers/default.py: 0
[2014-11-20 02:07:45] EDIT init/controllers/default.py: 0
[2014-11-20 02:08:52] EDIT init/views/default/index.html: -23
[2014-11-20 02:10:25] EDIT init/controllers/default.py: 0
[2014-11-20 02:11:54] EDIT init/views/default/index.html: 14
[2014-11-20 02:12:35] EDIT init/views/default/index.html: -1
[2014-11-20 02:12:59] EDIT init/views/default/index.html: -5
[2014-11-20 02:13:32] EDIT init/views/default/index.html: 0
[2014-11-20 02:24:30] EDIT init/controllers/default.py: 2
[2014-11-20 02:25:14] EDIT init/views/default/show.html: 0
[2014-11-20 02:25:45] EDIT init/controllers/default.py: 1
[2014-11-20 02:26:24] EDIT init/controllers/default.py: 0
[2014-11-20 02:26:43] EDIT init/controllers/default.py: 0
[2014-11-20 02:26:54] EDIT init/controllers/default.py: 0
[2014-11-20 02:27:38] EDIT init/controllers/default.py: 0
[2014-11-20 02:28:13] EDIT init/controllers/default.py: 0
[2014-11-20 02:29:01] EDIT init/controllers/default.py: -2
[2014-11-20 02:29:12] EDIT init/views/default/show.html: -10
[2014-11-20 02:29:18] EDIT init/views/default/show.html: 10
[2014-11-20 02:29:23] EDIT init/controllers/default.py: 2
[2014-11-20 02:29:30] EDIT init/controllers/default.py: 0
[2014-11-20 02:42:18] EDIT init/views/default/show.html: -4
[2014-11-20 02:42:27] EDIT init/views/default/show.html: -9
[2014-11-20 02:42:31] EDIT init/views/default/show.html: 13
[2014-11-20 02:42:49] EDIT init/controllers/default.py: -5
[2014-11-20 02:43:14] EDIT init/views/default/show.html: -14
[2014-11-20 02:43:18] EDIT init/views/default/show.html: 14
[2014-11-20 02:44:45] EDIT init/controllers/default.py: 2
[2014-11-20 02:44:50] EDIT init/controllers/default.py: 0
[2014-11-20 02:45:09] EDIT init/controllers/default.py: 0
[2014-11-20 02:45:23] EDIT init/controllers/default.py: 0
[2014-11-20 02:45:58] EDIT init/controllers/default.py: 0
[2014-11-20 02:45:59] EDIT init/controllers/default.py: 0
[2014-11-20 02:46:55] EDIT init/controllers/default.py: 0
[2014-11-20 02:47:03] EDIT init/controllers/default.py: 0
[2014-11-20 02:47:48] EDIT init/controllers/default.py: 1
[2014-11-20 02:48:17] EDIT init/controllers/default.py: 0
[2014-11-20 02:48:17] EDIT init/controllers/default.py: 0
[2014-11-20 02:48:41] EDIT init/controllers/default.py: 2
[2014-11-20 02:48:57] EDIT init/views/default/show.html: 0
[2014-11-20 02:49:22] EDIT init/views/default/show.html: 0
[2014-11-20 02:52:00] EDIT init/controllers/default.py: 0
[2014-11-20 02:54:03] CREATE default/new_recipe.html: 0
[2014-11-20 02:54:05] EDIT init/views/default/new_recipe.html: 0
[2014-11-20 02:54:16] EDIT init/views/default/new_recipe.html: -2
[2014-11-20 02:54:33] EDIT init/views/default/new_recipe.html: 2
[2014-11-20 02:57:35] EDIT init/views/layout.html: 1
[2014-11-20 02:58:50] EDIT init/static/js/web2py_bootstrap.js: 1
[2014-11-20 03:02:34] EDIT init/views/layout.html: 1
[2014-11-20 03:04:40] EDIT init/views/layout.html: 0
[2014-11-20 03:05:14] EDIT init/views/layout.html: 1
[2014-11-20 03:05:54] EDIT init/static/js/web2py_bootstrap.js: 5
[2014-11-20 03:07:15] EDIT init/models/db.py: 0
[2014-11-20 03:12:22] EDIT init/views/default/show.html: 0
[2014-11-20 03:12:49] EDIT init/views/default/show.html: 0
[2014-11-20 03:13:13] EDIT init/views/default/show.html: 0
[2014-11-20 03:15:21] EDIT init/controllers/appadmin.py: 1
[2014-11-20 03:15:29] EDIT init/controllers/appadmin.py: -2
[2014-11-20 03:16:27] EDIT init/models/db.py: 2
[2014-11-20 03:16:40] EDIT init/models/db.py: -1
[2014-11-20 03:16:53] EDIT init/models/db.py: -1
[2014-11-20 03:16:57] EDIT init/models/db.py: 2
[2014-11-20 03:17:12] EDIT init/models/db.py: 0
[2014-11-20 03:17:18] EDIT init/models/db.py: 0
[2014-11-20 03:17:29] EDIT init/models/db.py: -1
[2014-11-20 03:17:40] EDIT init/models/db.py: -1
[2014-11-20 03:18:00] EDIT init/models/db.py: 2
[2014-11-20 04:29:09] EDIT init/models/db.py: 6
[2014-11-20 04:31:29] EDIT init/models/db.py: -3
[2014-11-20 04:32:07] EDIT init/controllers/default.py: 1
[2014-11-20 04:33:20] EDIT init/controllers/default.py: -1
[2014-11-20 04:33:33] EDIT init/controllers/default.py: 0
[2014-11-20 04:41:01] EDIT init/controllers/default.py: 11
[2014-11-20 04:42:01] EDIT init/controllers/default.py: 4
[2014-11-20 04:45:43] EDIT init/models/db.py: 0
[2014-11-20 04:46:52] EDIT init/controllers/default.py: -5
[2014-11-20 04:47:43] EDIT init/controllers/default.py: 0
[2014-11-20 04:47:53] EDIT init/controllers/default.py: -4
[2014-11-20 04:50:52] EDIT init/models/db.py: 5
[2014-11-20 04:51:24] EDIT init/controllers/default.py: 0
[2014-11-20 04:51:50] EDIT init/controllers/default.py: 1
[2014-11-20 04:53:00] EDIT init/controllers/default.py: 1
[2014-11-20 04:54:32] EDIT init/controllers/default.py: 3
[2014-11-20 04:54:40] EDIT init/controllers/default.py: -1
[2014-11-20 04:54:52] EDIT init/controllers/default.py: 0
[2014-11-20 04:55:12] EDIT init/models/db.py: -5
[2014-11-20 04:55:37] EDIT init/models/db.py: 7
[2014-11-20 04:55:41] EDIT init/models/db.py: 0
[2014-11-20 04:55:45] EDIT init/controllers/default.py: 0
[2014-11-20 04:56:21] EDIT init/controllers/default.py: 0
[2014-11-20 04:56:43] EDIT init/controllers/default.py: -3
[2014-11-20 04:57:11] EDIT init/models/db.py: -2
[2014-11-20 04:57:59] EDIT init/controllers/default.py: 5
[2014-11-20 04:58:31] EDIT init/controllers/default.py: -1
[2014-11-20 04:59:09] EDIT init/controllers/default.py: 0
[2014-11-20 04:59:19] EDIT init/controllers/default.py: 0
[2014-11-20 05:00:27] EDIT init/controllers/default.py: -1
[2014-11-20 05:01:42] EDIT init/controllers/default.py: 4
[2014-11-20 05:02:11] EDIT init/controllers/default.py: 1
[2014-11-20 05:02:47] EDIT init/controllers/default.py: 1
[2014-11-20 05:02:50] EDIT init/controllers/default.py: -1
[2014-11-20 05:08:33] EDIT init/models/db.py: 0
[2014-11-20 05:09:46] EDIT init/controllers/default.py: 4
[2014-11-20 05:11:15] EDIT init/controllers/default.py: 7
[2014-11-20 05:12:09] EDIT init/controllers/default.py: 12
[2014-11-20 05:12:24] EDIT init/controllers/default.py: -1
[2014-11-20 05:12:39] EDIT init/controllers/default.py: 1
[2014-11-20 05:13:08] EDIT init/static/js/web2py_bootstrap.js: 10
[2014-11-20 05:15:09] EDIT init/views/layout.html: 1
[2014-11-20 05:15:38] EDIT init/views/layout.html: 1
[2014-11-20 05:16:38] EDIT init/controllers/default.py: 4
[2014-11-20 05:16:50] EDIT init/controllers/default.py: 0
[2014-11-20 05:17:27] EDIT init/controllers/default.py: 4
[2014-11-20 05:17:56] EDIT init/controllers/default.py: 0
[2014-11-20 05:20:15] CREATE contact.py: 0
[2014-11-20 05:21:01] EDIT init/modules/contact.py: 29
[2014-11-20 05:21:15] EDIT init/modules/contact.py: 0
[2014-11-20 05:21:19] EDIT init/modules/contact.py: 0
[2014-11-20 05:21:31] EDIT init/modules/contact.py: 0
[2014-11-20 05:21:42] EDIT init/modules/contact.py: 0
[2014-11-20 05:21:53] EDIT init/modules/contact.py: 0
[2014-11-20 05:22:02] EDIT init/modules/contact.py: 0
[2014-11-20 05:22:11] EDIT init/modules/contact.py: 0
[2014-11-20 05:22:40] EDIT init/controllers/default.py: -12
[2014-11-20 05:22:49] EDIT init/controllers/default.py: 1
[2014-11-20 05:23:21] EDIT init/controllers/default.py: 5
[2014-11-20 05:23:36] EDIT init/controllers/default.py: 0
[2014-11-20 05:25:20] EDIT init/controllers/default.py: 12
[2014-11-20 05:25:31] EDIT init/controllers/default.py: 0
[2014-11-20 05:25:42] EDIT init/controllers/default.py: 0
[2014-11-20 05:27:05] EDIT init/controllers/default.py: 0
[2014-11-20 05:27:29] EDIT init/controllers/default.py: -6
[2014-11-20 05:29:21] EDIT init/views/default/index.html: 0
[2014-11-20 05:29:32] EDIT init/views/default/index.html: 1
[2014-11-20 05:30:04] EDIT init/views/default/index.html: 3
[2014-11-20 05:30:09] EDIT init/views/default/index.html: 0
[2014-11-20 05:30:14] EDIT init/views/default/index.html: 0
[2014-11-20 05:33:57] EDIT init/controllers/default.py: 3
[2014-11-20 05:33:57] EDIT init/controllers/default.py: 0
[2014-11-20 05:34:11] EDIT init/controllers/default.py: 0
[2014-11-20 05:36:35] EDIT init/models/db.py: 3
[2014-11-20 05:36:57] EDIT init/models/db.py: 1
[2014-11-20 05:37:17] EDIT init/models/db.py: 1
[2014-11-20 05:38:21] EDIT init/models/db.py: 0
[2014-11-20 05:38:52] EDIT init/controllers/default.py: -1
[2014-11-20 05:39:38] EDIT init/controllers/default.py: 1
[2014-11-20 05:39:48] EDIT init/controllers/default.py: -1
